gpasm-1.5.0 #1285 (Sep 12 2016) obj\Debug\mai   8-4-2020  19:47:26          PAGE  1


LOC    OBJECT CODE    LINE  SOURCE TEXT
  VALUE

                      00001 ;--------------------------------------------------------
                      00002 ; File Created by SDCC : free open source ANSI-C Compiler
                      00003 ; Version 4.0.0 #11528 (MINGW64)
                      00004 ;--------------------------------------------------------
                      00005 ; PIC port for the 14-bit core
                      00006 ;--------------------------------------------------------
                      00007         .file   "main.c"
                      00008         list    p=16f877a
                      00009         radix dec
                      00010         include "p16f877a.inc"
                      00001         LIST
                      00002 
                      00003 ;==========================================================================
                      00004 ; Build date : Oct 21 2015
                      00005 ;  MPASM PIC16F877A processor include
                      00006 ; 
                      00007 ;  (c) Copyright 1999-2015 Microchip Technology, All rights reserved
                      00008 ;==========================================================================
                      00009 
                      00567         LIST
                      00011 ;--------------------------------------------------------
                      00012 ; config word(s)
                      00013 ;--------------------------------------------------------
2007   0000           00014         __config 0x3f32
                      00015 ;--------------------------------------------------------
                      00016 ; external declarations
                      00017 ;--------------------------------------------------------
  0000                00018         extern  _timer0_driver_start
  0000                00019         extern  _timer0_driver_init
  0000                00020         extern  _COUNT_INIT
  0000                00021         extern  _SSD_INIT
  0000                00022         extern  _PB_DRIVER_INIT
  0000                00023         extern  __sdcc_gsinit_startup
                      00024 ;--------------------------------------------------------
                      00025 ; global declarations
                      00026 ;--------------------------------------------------------
  0000                00027         global  _main
                      00028 
  0000                00029         global PSAVE
  0000                00030         global SSAVE
  0000                00031         global WSAVE
  0000                00032         global STK12
  0000                00033         global STK11
  0000                00034         global STK10
  0000                00035         global STK09
  0000                00036         global STK08
  0000                00037         global STK07
  0000                00038         global STK06
  0000                00039         global STK05
  0000                00040         global STK04
  0000                00041         global STK03
  0000                00042         global STK02
  0000                00043         global STK01
gpasm-1.5.0 #1285 (Sep 12 2016) obj\Debug\mai   8-4-2020  19:47:26          PAGE  2


LOC    OBJECT CODE    LINE  SOURCE TEXT
  VALUE

  0000                00044         global STK00
                      00045 
                      00046 sharebank udata_ovr 0x0070
0070                  00047 PSAVE   res 1
0071                  00048 SSAVE   res 1
0072                  00049 WSAVE   res 1
0073                  00050 STK12   res 1
0074                  00051 STK11   res 1
0075                  00052 STK10   res 1
0076                  00053 STK09   res 1
0077                  00054 STK08   res 1
0078                  00055 STK07   res 1
0079                  00056 STK06   res 1
007A                  00057 STK05   res 1
007B                  00058 STK04   res 1
007C                  00059 STK03   res 1
007D                  00060 STK02   res 1
007E                  00061 STK01   res 1
007F                  00062 STK00   res 1
                      00063 
                      00064 ;--------------------------------------------------------
                      00065 ; global definitions
                      00066 ;--------------------------------------------------------
                      00067 ;--------------------------------------------------------
                      00068 ; absolute symbol definitions
                      00069 ;--------------------------------------------------------
                      00070 ;--------------------------------------------------------
                      00071 ; compiler-defined variables
                      00072 ;--------------------------------------------------------
                      00073 ;--------------------------------------------------------
                      00074 ; initialized data
                      00075 ;--------------------------------------------------------
                      00076 ;--------------------------------------------------------
                      00077 ; initialized absolute data
                      00078 ;--------------------------------------------------------
                      00079 ;--------------------------------------------------------
                      00080 ; overlayable items in internal ram 
                      00081 ;--------------------------------------------------------
                      00082 ;       udata_ovr
                      00083 ;--------------------------------------------------------
                      00084 ; reset vector 
                      00085 ;--------------------------------------------------------
                      00086 STARTUP code 0x0000
0000   0000           00087         nop
0001   0??? 0???      00088         pagesel __sdcc_gsinit_startup
0003   2???           00089         goto    __sdcc_gsinit_startup
                      00090 ;--------------------------------------------------------
                      00091 ; code
                      00092 ;--------------------------------------------------------
                      00093 code_main       code
                      00094 ;***
                      00095 ;  pBlock Stats: dbName = M
                      00096 ;***
gpasm-1.5.0 #1285 (Sep 12 2016) obj\Debug\mai   8-4-2020  19:47:26          PAGE  3


LOC    OBJECT CODE    LINE  SOURCE TEXT
  VALUE

                      00097 ;has an exit
                      00098 ;functions called:
                      00099 ;   _PB_DRIVER_INIT
                      00100 ;   _PB_DRIVER_INIT
                      00101 ;   _PB_DRIVER_INIT
                      00102 ;   _COUNT_INIT
                      00103 ;   _SSD_INIT
                      00104 ;   _SSD_INIT
                      00105 ;   _SSD_INIT
                      00106 ;   _SSD_INIT
                      00107 ;   _timer0_driver_init
                      00108 ;   _timer0_driver_start
                      00109 ;   _PB_DRIVER_INIT
                      00110 ;   _PB_DRIVER_INIT
                      00111 ;   _PB_DRIVER_INIT
                      00112 ;   _COUNT_INIT
                      00113 ;   _SSD_INIT
                      00114 ;   _SSD_INIT
                      00115 ;   _SSD_INIT
                      00116 ;   _SSD_INIT
                      00117 ;   _timer0_driver_init
                      00118 ;   _timer0_driver_start
                      00119 ;2 compiler assigned registers:
                      00120 ;   STK00
                      00121 ;   STK01
                      00122 ;; Starting pCode block
                      00123 ;;; /home/sdcc-builder/build/sdcc-build/orig/sdcc/src/pic14/gen.c:2358:resultRemat *{*
                      00124 ;;; /home/sdcc-builder/build/sdcc-build/orig/sdcc/src/pic14/gen.c:2802:genLabel *{*
                      00125 ;; ***  genLabel  2805
                      00126 ;;; /home/sdcc-builder/build/sdcc-build/orig/sdcc/src/pic14/gen.c:2358:resultRemat *{*
                      00127 ;;; /home/sdcc-builder/build/sdcc-build/orig/sdcc/src/pic14/gen.c:2382:genFunction *{*
                      00128 ;; ***  genFunction  2384 curr label offset=0previous max_key=0 
                      00129 S_main__main    code
0000                  00130 _main:
                      00131 ; 2 exit points
                      00132 ;;; /home/sdcc-builder/build/sdcc-build/orig/sdcc/src/pic14/gen.c:2358:resultRemat *{*
                      00133 ;;; /home/sdcc-builder/build/sdcc-build/orig/sdcc/src/pic14/gen.c:2358:resultRemat *{*
                      00134 ;;; /home/sdcc-builder/build/sdcc-build/orig/sdcc/src/pic14/gen.c:2358:resultRemat *{*
                      00135 ;;; /home/sdcc-builder/build/sdcc-build/orig/sdcc/src/pic14/gen.c:2108:genCall *{*
                      00136 ;; ***  genCall  2110
                      00137 ;;      2158 left AOP_LIT
                      00138 ;;; /home/sdcc-builder/build/sdcc-build/orig/sdcc/src/pic14/gen.c:1357:mov2w_op *{*
                      00139 ;; >>> /home/sdcc-builder/build/sdcc-build/orig/sdcc/src/pic14/gen.c:1375:mov2w_op
                      00140         .line   13; "main.c"    PB_DRIVER_INIT(increment_button,released);
0000   3000           00141         MOVLW   0x00
                      00142 ;;      2158 left AOP_LIT
                      00143 ;; >>> /home/sdcc-builder/build/sdcc-build/orig/sdcc/src/pic14/gen.c:2166:genCall
                      00144 ;; ***  popRegFromIdx,1059  , rIdx=0x7f
0001   00??           00145         MOVWF   STK00
                      00146 ;;; /home/sdcc-builder/build/sdcc-build/orig/sdcc/src/pic14/gen.c:1357:mov2w_op *{*
                      00147 ;; >>> /home/sdcc-builder/build/sdcc-build/orig/sdcc/src/pic14/gen.c:1375:mov2w_op
0002   3000           00148         MOVLW   0x00
                      00149 ;; >>> /home/sdcc-builder/build/sdcc-build/orig/sdcc/src/pic14/gen.c:2207:genCall
gpasm-1.5.0 #1285 (Sep 12 2016) obj\Debug\mai   8-4-2020  19:47:26          PAGE  4


LOC    OBJECT CODE    LINE  SOURCE TEXT
  VALUE

0003   0??? 0???      00150         PAGESEL _PB_DRIVER_INIT
                      00151 ;; >>> /home/sdcc-builder/build/sdcc-build/orig/sdcc/src/pic14/gen.c:2215:genCall
0005   2???           00152         CALL    _PB_DRIVER_INIT
                      00153 ;; >>> /home/sdcc-builder/build/sdcc-build/orig/sdcc/src/pic14/gen.c:2223:genCall
0006   0??? 0???      00154         PAGESEL $
                      00155 ;;; /home/sdcc-builder/build/sdcc-build/orig/sdcc/src/pic14/gen.c:2358:resultRemat *{*
                      00156 ;;; /home/sdcc-builder/build/sdcc-build/orig/sdcc/src/pic14/gen.c:2358:resultRemat *{*
                      00157 ;;; /home/sdcc-builder/build/sdcc-build/orig/sdcc/src/pic14/gen.c:2358:resultRemat *{*
                      00158 ;;; /home/sdcc-builder/build/sdcc-build/orig/sdcc/src/pic14/gen.c:2108:genCall *{*
                      00159 ;; ***  genCall  2110
                      00160 ;;      2158 left AOP_LIT
                      00161 ;;; /home/sdcc-builder/build/sdcc-build/orig/sdcc/src/pic14/gen.c:1357:mov2w_op *{*
                      00162 ;; >>> /home/sdcc-builder/build/sdcc-build/orig/sdcc/src/pic14/gen.c:1375:mov2w_op
                      00163         .line   14; "main.c"    PB_DRIVER_INIT(decrement_button,released);
0008   3000           00164         MOVLW   0x00
                      00165 ;;      2158 left AOP_LIT
                      00166 ;; >>> /home/sdcc-builder/build/sdcc-build/orig/sdcc/src/pic14/gen.c:2166:genCall
                      00167 ;; ***  popRegFromIdx,1059  , rIdx=0x7f
0009   00??           00168         MOVWF   STK00
                      00169 ;;; /home/sdcc-builder/build/sdcc-build/orig/sdcc/src/pic14/gen.c:1357:mov2w_op *{*
                      00170 ;; >>> /home/sdcc-builder/build/sdcc-build/orig/sdcc/src/pic14/gen.c:1375:mov2w_op
000A   3001           00171         MOVLW   0x01
                      00172 ;; >>> /home/sdcc-builder/build/sdcc-build/orig/sdcc/src/pic14/gen.c:2207:genCall
000B   0??? 0???      00173         PAGESEL _PB_DRIVER_INIT
                      00174 ;; >>> /home/sdcc-builder/build/sdcc-build/orig/sdcc/src/pic14/gen.c:2215:genCall
000D   2???           00175         CALL    _PB_DRIVER_INIT
                      00176 ;; >>> /home/sdcc-builder/build/sdcc-build/orig/sdcc/src/pic14/gen.c:2223:genCall
000E   0??? 0???      00177         PAGESEL $
                      00178 ;;; /home/sdcc-builder/build/sdcc-build/orig/sdcc/src/pic14/gen.c:2358:resultRemat *{*
                      00179 ;;; /home/sdcc-builder/build/sdcc-build/orig/sdcc/src/pic14/gen.c:2358:resultRemat *{*
                      00180 ;;; /home/sdcc-builder/build/sdcc-build/orig/sdcc/src/pic14/gen.c:2358:resultRemat *{*
                      00181 ;;; /home/sdcc-builder/build/sdcc-build/orig/sdcc/src/pic14/gen.c:2108:genCall *{*
                      00182 ;; ***  genCall  2110
                      00183 ;;      2158 left AOP_LIT
                      00184 ;;; /home/sdcc-builder/build/sdcc-build/orig/sdcc/src/pic14/gen.c:1357:mov2w_op *{*
                      00185 ;; >>> /home/sdcc-builder/build/sdcc-build/orig/sdcc/src/pic14/gen.c:1375:mov2w_op
                      00186         .line   15; "main.c"    PB_DRIVER_INIT(reset_button,released);
0010   3000           00187         MOVLW   0x00
                      00188 ;;      2158 left AOP_LIT
                      00189 ;; >>> /home/sdcc-builder/build/sdcc-build/orig/sdcc/src/pic14/gen.c:2166:genCall
                      00190 ;; ***  popRegFromIdx,1059  , rIdx=0x7f
0011   00??           00191         MOVWF   STK00
                      00192 ;;; /home/sdcc-builder/build/sdcc-build/orig/sdcc/src/pic14/gen.c:1357:mov2w_op *{*
                      00193 ;; >>> /home/sdcc-builder/build/sdcc-build/orig/sdcc/src/pic14/gen.c:1375:mov2w_op
0012   3002           00194         MOVLW   0x02
                      00195 ;; >>> /home/sdcc-builder/build/sdcc-build/orig/sdcc/src/pic14/gen.c:2207:genCall
0013   0??? 0???      00196         PAGESEL _PB_DRIVER_INIT
                      00197 ;; >>> /home/sdcc-builder/build/sdcc-build/orig/sdcc/src/pic14/gen.c:2215:genCall
0015   2???           00198         CALL    _PB_DRIVER_INIT
                      00199 ;; >>> /home/sdcc-builder/build/sdcc-build/orig/sdcc/src/pic14/gen.c:2223:genCall
0016   0??? 0???      00200         PAGESEL $
                      00201 ;;; /home/sdcc-builder/build/sdcc-build/orig/sdcc/src/pic14/gen.c:2358:resultRemat *{*
                      00202 ;;; /home/sdcc-builder/build/sdcc-build/orig/sdcc/src/pic14/gen.c:2358:resultRemat *{*
gpasm-1.5.0 #1285 (Sep 12 2016) obj\Debug\mai   8-4-2020  19:47:26          PAGE  5


LOC    OBJECT CODE    LINE  SOURCE TEXT
  VALUE

                      00203 ;;; /home/sdcc-builder/build/sdcc-build/orig/sdcc/src/pic14/gen.c:2108:genCall *{*
                      00204 ;; ***  genCall  2110
                      00205 ;;      2158 left AOP_LIT
                      00206 ;;; /home/sdcc-builder/build/sdcc-build/orig/sdcc/src/pic14/gen.c:1357:mov2w_op *{*
                      00207 ;; >>> /home/sdcc-builder/build/sdcc-build/orig/sdcc/src/pic14/gen.c:1375:mov2w_op
                      00208         .line   17; "main.c"    COUNT_INIT(0);
0018   3000           00209         MOVLW   0x00
                      00210 ;;      2158 left AOP_LIT
                      00211 ;; >>> /home/sdcc-builder/build/sdcc-build/orig/sdcc/src/pic14/gen.c:2166:genCall
                      00212 ;; ***  popRegFromIdx,1059  , rIdx=0x7f
0019   00??           00213         MOVWF   STK00
                      00214 ;;; /home/sdcc-builder/build/sdcc-build/orig/sdcc/src/pic14/gen.c:1357:mov2w_op *{*
                      00215 ;; >>> /home/sdcc-builder/build/sdcc-build/orig/sdcc/src/pic14/gen.c:1375:mov2w_op
001A   3000           00216         MOVLW   0x00
                      00217 ;; >>> /home/sdcc-builder/build/sdcc-build/orig/sdcc/src/pic14/gen.c:2207:genCall
001B   0??? 0???      00218         PAGESEL _COUNT_INIT
                      00219 ;; >>> /home/sdcc-builder/build/sdcc-build/orig/sdcc/src/pic14/gen.c:2215:genCall
001D   2???           00220         CALL    _COUNT_INIT
                      00221 ;; >>> /home/sdcc-builder/build/sdcc-build/orig/sdcc/src/pic14/gen.c:2223:genCall
001E   0??? 0???      00222         PAGESEL $
                      00223 ;;; /home/sdcc-builder/build/sdcc-build/orig/sdcc/src/pic14/gen.c:2358:resultRemat *{*
                      00224 ;;; /home/sdcc-builder/build/sdcc-build/orig/sdcc/src/pic14/gen.c:2358:resultRemat *{*
                      00225 ;;; /home/sdcc-builder/build/sdcc-build/orig/sdcc/src/pic14/gen.c:2358:resultRemat *{*
                      00226 ;;; /home/sdcc-builder/build/sdcc-build/orig/sdcc/src/pic14/gen.c:2358:resultRemat *{*
                      00227 ;;; /home/sdcc-builder/build/sdcc-build/orig/sdcc/src/pic14/gen.c:2108:genCall *{*
                      00228 ;; ***  genCall  2110
                      00229 ;;      2158 left AOP_LIT
                      00230 ;;; /home/sdcc-builder/build/sdcc-build/orig/sdcc/src/pic14/gen.c:1357:mov2w_op *{*
                      00231 ;; >>> /home/sdcc-builder/build/sdcc-build/orig/sdcc/src/pic14/gen.c:1375:mov2w_op
                      00232         .line   19; "main.c"    SSD_INIT(SSD_L,SSD_OFF,SSD_NULL);
0020   3009           00233         MOVLW   0x09
                      00234 ;;      2158 left AOP_LIT
                      00235 ;; >>> /home/sdcc-builder/build/sdcc-build/orig/sdcc/src/pic14/gen.c:2166:genCall
                      00236 ;; ***  popRegFromIdx,1059  , rIdx=0x7e
0021   00??           00237         MOVWF   STK01
                      00238 ;;; /home/sdcc-builder/build/sdcc-build/orig/sdcc/src/pic14/gen.c:1357:mov2w_op *{*
                      00239 ;; >>> /home/sdcc-builder/build/sdcc-build/orig/sdcc/src/pic14/gen.c:1375:mov2w_op
0022   3000           00240         MOVLW   0x00
                      00241 ;;      2158 left AOP_LIT
                      00242 ;; >>> /home/sdcc-builder/build/sdcc-build/orig/sdcc/src/pic14/gen.c:2166:genCall
                      00243 ;; ***  popRegFromIdx,1059  , rIdx=0x7f
0023   00??           00244         MOVWF   STK00
                      00245 ;;; /home/sdcc-builder/build/sdcc-build/orig/sdcc/src/pic14/gen.c:1357:mov2w_op *{*
                      00246 ;; >>> /home/sdcc-builder/build/sdcc-build/orig/sdcc/src/pic14/gen.c:1375:mov2w_op
0024   3000           00247         MOVLW   0x00
                      00248 ;; >>> /home/sdcc-builder/build/sdcc-build/orig/sdcc/src/pic14/gen.c:2207:genCall
0025   0??? 0???      00249         PAGESEL _SSD_INIT
                      00250 ;; >>> /home/sdcc-builder/build/sdcc-build/orig/sdcc/src/pic14/gen.c:2215:genCall
0027   2???           00251         CALL    _SSD_INIT
                      00252 ;; >>> /home/sdcc-builder/build/sdcc-build/orig/sdcc/src/pic14/gen.c:2223:genCall
0028   0??? 0???      00253         PAGESEL $
                      00254 ;;; /home/sdcc-builder/build/sdcc-build/orig/sdcc/src/pic14/gen.c:2358:resultRemat *{*
                      00255 ;;; /home/sdcc-builder/build/sdcc-build/orig/sdcc/src/pic14/gen.c:2358:resultRemat *{*
gpasm-1.5.0 #1285 (Sep 12 2016) obj\Debug\mai   8-4-2020  19:47:26          PAGE  6


LOC    OBJECT CODE    LINE  SOURCE TEXT
  VALUE

                      00256 ;;; /home/sdcc-builder/build/sdcc-build/orig/sdcc/src/pic14/gen.c:2358:resultRemat *{*
                      00257 ;;; /home/sdcc-builder/build/sdcc-build/orig/sdcc/src/pic14/gen.c:2358:resultRemat *{*
                      00258 ;;; /home/sdcc-builder/build/sdcc-build/orig/sdcc/src/pic14/gen.c:2108:genCall *{*
                      00259 ;; ***  genCall  2110
                      00260 ;;      2158 left AOP_LIT
                      00261 ;;; /home/sdcc-builder/build/sdcc-build/orig/sdcc/src/pic14/gen.c:1357:mov2w_op *{*
                      00262 ;; >>> /home/sdcc-builder/build/sdcc-build/orig/sdcc/src/pic14/gen.c:1375:mov2w_op
                      00263         .line   20; "main.c"    SSD_INIT(SSD_ML,SSD_OFF,SSD_NULL);
002A   3009           00264         MOVLW   0x09
                      00265 ;;      2158 left AOP_LIT
                      00266 ;; >>> /home/sdcc-builder/build/sdcc-build/orig/sdcc/src/pic14/gen.c:2166:genCall
                      00267 ;; ***  popRegFromIdx,1059  , rIdx=0x7e
002B   00??           00268         MOVWF   STK01
                      00269 ;;; /home/sdcc-builder/build/sdcc-build/orig/sdcc/src/pic14/gen.c:1357:mov2w_op *{*
                      00270 ;; >>> /home/sdcc-builder/build/sdcc-build/orig/sdcc/src/pic14/gen.c:1375:mov2w_op
002C   3000           00271         MOVLW   0x00
                      00272 ;;      2158 left AOP_LIT
                      00273 ;; >>> /home/sdcc-builder/build/sdcc-build/orig/sdcc/src/pic14/gen.c:2166:genCall
                      00274 ;; ***  popRegFromIdx,1059  , rIdx=0x7f
002D   00??           00275         MOVWF   STK00
                      00276 ;;; /home/sdcc-builder/build/sdcc-build/orig/sdcc/src/pic14/gen.c:1357:mov2w_op *{*
                      00277 ;; >>> /home/sdcc-builder/build/sdcc-build/orig/sdcc/src/pic14/gen.c:1375:mov2w_op
002E   3001           00278         MOVLW   0x01
                      00279 ;; >>> /home/sdcc-builder/build/sdcc-build/orig/sdcc/src/pic14/gen.c:2207:genCall
002F   0??? 0???      00280         PAGESEL _SSD_INIT
                      00281 ;; >>> /home/sdcc-builder/build/sdcc-build/orig/sdcc/src/pic14/gen.c:2215:genCall
0031   2???           00282         CALL    _SSD_INIT
                      00283 ;; >>> /home/sdcc-builder/build/sdcc-build/orig/sdcc/src/pic14/gen.c:2223:genCall
0032   0??? 0???      00284         PAGESEL $
                      00285 ;;; /home/sdcc-builder/build/sdcc-build/orig/sdcc/src/pic14/gen.c:2358:resultRemat *{*
                      00286 ;;; /home/sdcc-builder/build/sdcc-build/orig/sdcc/src/pic14/gen.c:2358:resultRemat *{*
                      00287 ;;; /home/sdcc-builder/build/sdcc-build/orig/sdcc/src/pic14/gen.c:2358:resultRemat *{*
                      00288 ;;; /home/sdcc-builder/build/sdcc-build/orig/sdcc/src/pic14/gen.c:2358:resultRemat *{*
                      00289 ;;; /home/sdcc-builder/build/sdcc-build/orig/sdcc/src/pic14/gen.c:2108:genCall *{*
                      00290 ;; ***  genCall  2110
                      00291 ;;      2158 left AOP_LIT
                      00292 ;;; /home/sdcc-builder/build/sdcc-build/orig/sdcc/src/pic14/gen.c:1357:mov2w_op *{*
                      00293 ;; >>> /home/sdcc-builder/build/sdcc-build/orig/sdcc/src/pic14/gen.c:1375:mov2w_op
                      00294         .line   21; "main.c"    SSD_INIT(SSD_MR,SSD_OFF,SSD_NULL);
0034   3009           00295         MOVLW   0x09
                      00296 ;;      2158 left AOP_LIT
                      00297 ;; >>> /home/sdcc-builder/build/sdcc-build/orig/sdcc/src/pic14/gen.c:2166:genCall
                      00298 ;; ***  popRegFromIdx,1059  , rIdx=0x7e
0035   00??           00299         MOVWF   STK01
                      00300 ;;; /home/sdcc-builder/build/sdcc-build/orig/sdcc/src/pic14/gen.c:1357:mov2w_op *{*
                      00301 ;; >>> /home/sdcc-builder/build/sdcc-build/orig/sdcc/src/pic14/gen.c:1375:mov2w_op
0036   3000           00302         MOVLW   0x00
                      00303 ;;      2158 left AOP_LIT
                      00304 ;; >>> /home/sdcc-builder/build/sdcc-build/orig/sdcc/src/pic14/gen.c:2166:genCall
                      00305 ;; ***  popRegFromIdx,1059  , rIdx=0x7f
0037   00??           00306         MOVWF   STK00
                      00307 ;;; /home/sdcc-builder/build/sdcc-build/orig/sdcc/src/pic14/gen.c:1357:mov2w_op *{*
                      00308 ;; >>> /home/sdcc-builder/build/sdcc-build/orig/sdcc/src/pic14/gen.c:1375:mov2w_op
gpasm-1.5.0 #1285 (Sep 12 2016) obj\Debug\mai   8-4-2020  19:47:26          PAGE  7


LOC    OBJECT CODE    LINE  SOURCE TEXT
  VALUE

0038   3002           00309         MOVLW   0x02
                      00310 ;; >>> /home/sdcc-builder/build/sdcc-build/orig/sdcc/src/pic14/gen.c:2207:genCall
0039   0??? 0???      00311         PAGESEL _SSD_INIT
                      00312 ;; >>> /home/sdcc-builder/build/sdcc-build/orig/sdcc/src/pic14/gen.c:2215:genCall
003B   2???           00313         CALL    _SSD_INIT
                      00314 ;; >>> /home/sdcc-builder/build/sdcc-build/orig/sdcc/src/pic14/gen.c:2223:genCall
003C   0??? 0???      00315         PAGESEL $
                      00316 ;;; /home/sdcc-builder/build/sdcc-build/orig/sdcc/src/pic14/gen.c:2358:resultRemat *{*
                      00317 ;;; /home/sdcc-builder/build/sdcc-build/orig/sdcc/src/pic14/gen.c:2358:resultRemat *{*
                      00318 ;;; /home/sdcc-builder/build/sdcc-build/orig/sdcc/src/pic14/gen.c:2358:resultRemat *{*
                      00319 ;;; /home/sdcc-builder/build/sdcc-build/orig/sdcc/src/pic14/gen.c:2358:resultRemat *{*
                      00320 ;;; /home/sdcc-builder/build/sdcc-build/orig/sdcc/src/pic14/gen.c:2108:genCall *{*
                      00321 ;; ***  genCall  2110
                      00322 ;;      2158 left AOP_LIT
                      00323 ;;; /home/sdcc-builder/build/sdcc-build/orig/sdcc/src/pic14/gen.c:1357:mov2w_op *{*
                      00324 ;; >>> /home/sdcc-builder/build/sdcc-build/orig/sdcc/src/pic14/gen.c:1375:mov2w_op
                      00325         .line   22; "main.c"    SSD_INIT(SSD_R,SSD_OFF,SSD_NULL);
003E   3009           00326         MOVLW   0x09
                      00327 ;;      2158 left AOP_LIT
                      00328 ;; >>> /home/sdcc-builder/build/sdcc-build/orig/sdcc/src/pic14/gen.c:2166:genCall
                      00329 ;; ***  popRegFromIdx,1059  , rIdx=0x7e
003F   00??           00330         MOVWF   STK01
                      00331 ;;; /home/sdcc-builder/build/sdcc-build/orig/sdcc/src/pic14/gen.c:1357:mov2w_op *{*
                      00332 ;; >>> /home/sdcc-builder/build/sdcc-build/orig/sdcc/src/pic14/gen.c:1375:mov2w_op
0040   3000           00333         MOVLW   0x00
                      00334 ;;      2158 left AOP_LIT
                      00335 ;; >>> /home/sdcc-builder/build/sdcc-build/orig/sdcc/src/pic14/gen.c:2166:genCall
                      00336 ;; ***  popRegFromIdx,1059  , rIdx=0x7f
0041   00??           00337         MOVWF   STK00
                      00338 ;;; /home/sdcc-builder/build/sdcc-build/orig/sdcc/src/pic14/gen.c:1357:mov2w_op *{*
                      00339 ;; >>> /home/sdcc-builder/build/sdcc-build/orig/sdcc/src/pic14/gen.c:1375:mov2w_op
0042   3003           00340         MOVLW   0x03
                      00341 ;; >>> /home/sdcc-builder/build/sdcc-build/orig/sdcc/src/pic14/gen.c:2207:genCall
0043   0??? 0???      00342         PAGESEL _SSD_INIT
                      00343 ;; >>> /home/sdcc-builder/build/sdcc-build/orig/sdcc/src/pic14/gen.c:2215:genCall
0045   2???           00344         CALL    _SSD_INIT
                      00345 ;; >>> /home/sdcc-builder/build/sdcc-build/orig/sdcc/src/pic14/gen.c:2223:genCall
0046   0??? 0???      00346         PAGESEL $
                      00347 ;;; /home/sdcc-builder/build/sdcc-build/orig/sdcc/src/pic14/gen.c:2358:resultRemat *{*
                      00348 ;;; /home/sdcc-builder/build/sdcc-build/orig/sdcc/src/pic14/gen.c:2108:genCall *{*
                      00349 ;; ***  genCall  2110
                      00350 ;; >>> /home/sdcc-builder/build/sdcc-build/orig/sdcc/src/pic14/gen.c:2207:genCall
                      00351         .line   24; "main.c"    timer0_driver_init();
0048   0??? 0???      00352         PAGESEL _timer0_driver_init
                      00353 ;; >>> /home/sdcc-builder/build/sdcc-build/orig/sdcc/src/pic14/gen.c:2215:genCall
004A   2???           00354         CALL    _timer0_driver_init
                      00355 ;; >>> /home/sdcc-builder/build/sdcc-build/orig/sdcc/src/pic14/gen.c:2223:genCall
004B   0??? 0???      00356         PAGESEL $
                      00357 ;;; /home/sdcc-builder/build/sdcc-build/orig/sdcc/src/pic14/gen.c:2358:resultRemat *{*
                      00358 ;;; /home/sdcc-builder/build/sdcc-build/orig/sdcc/src/pic14/gen.c:2108:genCall *{*
                      00359 ;; ***  genCall  2110
                      00360 ;; >>> /home/sdcc-builder/build/sdcc-build/orig/sdcc/src/pic14/gen.c:2207:genCall
                      00361         .line   25; "main.c"    timer0_driver_start();
gpasm-1.5.0 #1285 (Sep 12 2016) obj\Debug\mai   8-4-2020  19:47:26          PAGE  8


LOC    OBJECT CODE    LINE  SOURCE TEXT
  VALUE

004D   0??? 0???      00362         PAGESEL _timer0_driver_start
                      00363 ;; >>> /home/sdcc-builder/build/sdcc-build/orig/sdcc/src/pic14/gen.c:2215:genCall
004F   2???           00364         CALL    _timer0_driver_start
                      00365 ;; >>> /home/sdcc-builder/build/sdcc-build/orig/sdcc/src/pic14/gen.c:2223:genCall
0050   0??? 0???      00366         PAGESEL $
                      00367 ;;; /home/sdcc-builder/build/sdcc-build/orig/sdcc/src/pic14/gen.c:2358:resultRemat *{*
                      00368 ;;; /home/sdcc-builder/build/sdcc-build/orig/sdcc/src/pic14/gen.c:2802:genLabel *{*
                      00369 ;; ***  genLabel  2805
                      00370 ;;; /home/sdcc-builder/build/sdcc-build/orig/sdcc/src/pic14/gen.c:2358:resultRemat *{*
                      00371 ;;; /home/sdcc-builder/build/sdcc-build/orig/sdcc/src/pic14/gen.c:2820:genGoto *{*
                      00372 ;; >>> /home/sdcc-builder/build/sdcc-build/orig/sdcc/src/pic14/gen.c:2822:genGoto
                      00373 ;; ***  popGetLabel  key=2, label offset 4
0052                  00374 _00106_DS_:
                      00375         .line   27; "main.c"    while(1){
0052   2???           00376         GOTO    _00106_DS_
                      00377 ;;; /home/sdcc-builder/build/sdcc-build/orig/sdcc/src/pic14/gen.c:2358:resultRemat *{*
                      00378 ;;; /home/sdcc-builder/build/sdcc-build/orig/sdcc/src/pic14/gen.c:2802:genLabel *{*
                      00379 ;; ***  genLabel  2805
                      00380 ;;; /home/sdcc-builder/build/sdcc-build/orig/sdcc/src/pic14/gen.c:2358:resultRemat *{*
                      00381 ;;; /home/sdcc-builder/build/sdcc-build/orig/sdcc/src/pic14/gen.c:2570:genEndFunction *{*
                      00382 ;; ***  genEndFunction  2572
                      00383         .line   30; "main.c"    }
0053   0008           00384         RETURN  
                      00385 ; exit point of _main
                      00386 ;;      popGetExternal 990 added symbol __sdcc_gsinit_startup
                      00387 ;;      popGetExternal 1008 added extern __sdcc_gsinit_startup
                      00388 
                      00389 
                      00390 ;       code size estimation:
                      00391 ;          44+   20 =    64 instructions (  168 byte)
                      00392 
                      00393         end
gpasm-1.5.0 #1285 (Sep 12 2016) obj\Debug\mai   8-4-2020  19:47:26          PAGE  9


SYMBOL TABLE
  LABEL                              TYPE        VALUE         VALUE          VALUE
                                                 (hex)         (dec)          (text)

ACKDT                             CONSTANT      00000005              5
ACKEN                             CONSTANT      00000004              4
ACKSTAT                           CONSTANT      00000006              6
ADCON0                            CONSTANT      0000001F             31
ADCON1                            CONSTANT      0000009F            159
ADCS0                             CONSTANT      00000006              6
ADCS1                             CONSTANT      00000007              7
ADCS2                             CONSTANT      00000006              6
ADDEN                             CONSTANT      00000003              3
ADFM                              CONSTANT      00000007              7
ADIE                              CONSTANT      00000006              6
ADIF                              CONSTANT      00000006              6
ADON                              CONSTANT      00000000              0
ADRESH                            CONSTANT      0000001E             30
ADRESL                            CONSTANT      0000009E            158
BCLIE                             CONSTANT      00000003              3
BCLIF                             CONSTANT      00000003              3
BF                                CONSTANT      00000000              0
BRGH                              CONSTANT      00000002              2
C                                 CONSTANT      00000000              0
C1INV                             CONSTANT      00000004              4
C1OUT                             CONSTANT      00000006              6
C2INV                             CONSTANT      00000005              5
C2OUT                             CONSTANT      00000007              7
CCP1CON                           CONSTANT      00000017             23
CCP1IE                            CONSTANT      00000002              2
CCP1IF                            CONSTANT      00000002              2
CCP1M0                            CONSTANT      00000000              0
CCP1M1                            CONSTANT      00000001              1
CCP1M2                            CONSTANT      00000002              2
CCP1M3                            CONSTANT      00000003              3
CCP1X                             CONSTANT      00000005              5
CCP1Y                             CONSTANT      00000004              4
CCP2CON                           CONSTANT      0000001D             29
CCP2IE                            CONSTANT      00000000              0
CCP2IF                            CONSTANT      00000000              0
CCP2M0                            CONSTANT      00000000              0
CCP2M1                            CONSTANT      00000001              1
CCP2M2                            CONSTANT      00000002              2
CCP2M3                            CONSTANT      00000003              3
CCP2X                             CONSTANT      00000005              5
CCP2Y                             CONSTANT      00000004              4
CCPR1                             CONSTANT      00000015             21
CCPR1H                            CONSTANT      00000016             22
CCPR1L                            CONSTANT      00000015             21
CCPR2                             CONSTANT      0000001B             27
CCPR2H                            CONSTANT      0000001C             28
CCPR2L                            CONSTANT      0000001B             27
CHS0                              CONSTANT      00000003              3
CHS1                              CONSTANT      00000004              4
CHS2                              CONSTANT      00000005              5
CIS                               CONSTANT      00000003              3
gpasm-1.5.0 #1285 (Sep 12 2016) obj\Debug\mai   8-4-2020  19:47:26          PAGE 10


SYMBOL TABLE
  LABEL                              TYPE        VALUE         VALUE          VALUE
                                                 (hex)         (dec)          (text)

CKE                               CONSTANT      00000006              6
CKP                               CONSTANT      00000004              4
CM0                               CONSTANT      00000000              0
CM1                               CONSTANT      00000001              1
CM2                               CONSTANT      00000002              2
CMCON                             CONSTANT      0000009C            156
CMIE                              CONSTANT      00000006              6
CMIF                              CONSTANT      00000006              6
CREN                              CONSTANT      00000004              4
CSRC                              CONSTANT      00000007              7
CVR0                              CONSTANT      00000000              0
CVR1                              CONSTANT      00000001              1
CVR2                              CONSTANT      00000002              2
CVR3                              CONSTANT      00000003              3
CVRCON                            CONSTANT      0000009D            157
CVREN                             CONSTANT      00000007              7
CVROE                             CONSTANT      00000006              6
CVRR                              CONSTANT      00000005              5
D                                 CONSTANT      00000005              5
DATA_ADDRESS                      CONSTANT      00000005              5
DC                                CONSTANT      00000001              1
D_A                               CONSTANT      00000005              5
D_NOT_A                           CONSTANT      00000005              5
EEADR                             CONSTANT      0000010D            269
EEADRH                            CONSTANT      0000010F            271
EECON1                            CONSTANT      0000018C            396
EECON2                            CONSTANT      0000018D            397
EEDATA                            CONSTANT      0000010C            268
EEDATH                            CONSTANT      0000010E            270
EEIE                              CONSTANT      00000004              4
EEIF                              CONSTANT      00000004              4
EEPGD                             CONSTANT      00000007              7
F                                 CONSTANT      00000001              1
FERR                              CONSTANT      00000002              2
FSR                               CONSTANT      00000004              4
GCEN                              CONSTANT      00000007              7
GIE                               CONSTANT      00000007              7
GO                                CONSTANT      00000002              2
GO_DONE                           CONSTANT      00000002              2
GO_NOT_DONE                       CONSTANT      00000002              2
I2C_DATA                          CONSTANT      00000005              5
I2C_READ                          CONSTANT      00000002              2
I2C_START                         CONSTANT      00000003              3
I2C_STOP                          CONSTANT      00000004              4
IBF                               CONSTANT      00000007              7
IBOV                              CONSTANT      00000005              5
INDF                              CONSTANT      00000000              0
INTCON                            CONSTANT      0000000B             11
INTE                              CONSTANT      00000004              4
INTEDG                            CONSTANT      00000006              6
INTF                              CONSTANT      00000001              1
IRP                               CONSTANT      00000007              7
gpasm-1.5.0 #1285 (Sep 12 2016) obj\Debug\mai   8-4-2020  19:47:26          PAGE 11


SYMBOL TABLE
  LABEL                              TYPE        VALUE         VALUE          VALUE
                                                 (hex)         (dec)          (text)

NOT_A                             CONSTANT      00000005              5
NOT_ADDRESS                       CONSTANT      00000005              5
NOT_BO                            CONSTANT      00000000              0
NOT_BOR                           CONSTANT      00000000              0
NOT_DONE                          CONSTANT      00000002              2
NOT_PD                            CONSTANT      00000003              3
NOT_POR                           CONSTANT      00000001              1
NOT_RBPU                          CONSTANT      00000007              7
NOT_RC8                           CONSTANT      00000006              6
NOT_T1SYNC                        CONSTANT      00000002              2
NOT_TO                            CONSTANT      00000004              4
NOT_TX8                           CONSTANT      00000006              6
NOT_W                             CONSTANT      00000002              2
NOT_WRITE                         CONSTANT      00000002              2
OBF                               CONSTANT      00000006              6
OERR                              CONSTANT      00000001              1
OPTION_REG                        CONSTANT      00000081            129
P                                 CONSTANT      00000004              4
PCFG0                             CONSTANT      00000000              0
PCFG1                             CONSTANT      00000001              1
PCFG2                             CONSTANT      00000002              2
PCFG3                             CONSTANT      00000003              3
PCL                               CONSTANT      00000002              2
PCLATH                            CONSTANT      0000000A             10
PCON                              CONSTANT      0000008E            142
PEIE                              CONSTANT      00000006              6
PEN                               CONSTANT      00000002              2
PIE1                              CONSTANT      0000008C            140
PIE2                              CONSTANT      0000008D            141
PIR1                              CONSTANT      0000000C             12
PIR2                              CONSTANT      0000000D             13
PORTA                             CONSTANT      00000005              5
PORTB                             CONSTANT      00000006              6
PORTC                             CONSTANT      00000007              7
PORTD                             CONSTANT      00000008              8
PORTE                             CONSTANT      00000009              9
PR2                               CONSTANT      00000092            146
PS0                               CONSTANT      00000000              0
PS1                               CONSTANT      00000001              1
PS2                               CONSTANT      00000002              2
PSA                               CONSTANT      00000003              3
PSAVE                             GLOBAL        00000070            112
PSPIE                             CONSTANT      00000007              7
PSPIF                             CONSTANT      00000007              7
PSPMODE                           CONSTANT      00000004              4
R                                 CONSTANT      00000002              2
RA0                               CONSTANT      00000000              0
RA1                               CONSTANT      00000001              1
RA2                               CONSTANT      00000002              2
RA3                               CONSTANT      00000003              3
RA4                               CONSTANT      00000004              4
RA5                               CONSTANT      00000005              5
gpasm-1.5.0 #1285 (Sep 12 2016) obj\Debug\mai   8-4-2020  19:47:26          PAGE 12


SYMBOL TABLE
  LABEL                              TYPE        VALUE         VALUE          VALUE
                                                 (hex)         (dec)          (text)

RB0                               CONSTANT      00000000              0
RB1                               CONSTANT      00000001              1
RB2                               CONSTANT      00000002              2
RB3                               CONSTANT      00000003              3
RB4                               CONSTANT      00000004              4
RB5                               CONSTANT      00000005              5
RB6                               CONSTANT      00000006              6
RB7                               CONSTANT      00000007              7
RBIE                              CONSTANT      00000003              3
RBIF                              CONSTANT      00000000              0
RC0                               CONSTANT      00000000              0
RC1                               CONSTANT      00000001              1
RC2                               CONSTANT      00000002              2
RC3                               CONSTANT      00000003              3
RC4                               CONSTANT      00000004              4
RC5                               CONSTANT      00000005              5
RC6                               CONSTANT      00000006              6
RC7                               CONSTANT      00000007              7
RC8_9                             CONSTANT      00000006              6
RC9                               CONSTANT      00000006              6
RCD8                              CONSTANT      00000000              0
RCEN                              CONSTANT      00000003              3
RCIE                              CONSTANT      00000005              5
RCIF                              CONSTANT      00000005              5
RCREG                             CONSTANT      0000001A             26
RCSTA                             CONSTANT      00000018             24
RD                                CONSTANT      00000000              0
RD0                               CONSTANT      00000000              0
RD1                               CONSTANT      00000001              1
RD2                               CONSTANT      00000002              2
RD3                               CONSTANT      00000003              3
RD4                               CONSTANT      00000004              4
RD5                               CONSTANT      00000005              5
RD6                               CONSTANT      00000006              6
RD7                               CONSTANT      00000007              7
RE0                               CONSTANT      00000000              0
RE1                               CONSTANT      00000001              1
RE2                               CONSTANT      00000002              2
READ_WRITE                        CONSTANT      00000002              2
RP0                               CONSTANT      00000005              5
RP1                               CONSTANT      00000006              6
RSEN                              CONSTANT      00000001              1
RX9                               CONSTANT      00000006              6
RX9D                              CONSTANT      00000000              0
R_NOT_W                           CONSTANT      00000002              2
R_W                               CONSTANT      00000002              2
S                                 CONSTANT      00000003              3
SEN                               CONSTANT      00000000              0
SMP                               CONSTANT      00000007              7
SPBRG                             CONSTANT      00000099            153
SPEN                              CONSTANT      00000007              7
SREN                              CONSTANT      00000005              5
gpasm-1.5.0 #1285 (Sep 12 2016) obj\Debug\mai   8-4-2020  19:47:26          PAGE 13


SYMBOL TABLE
  LABEL                              TYPE        VALUE         VALUE          VALUE
                                                 (hex)         (dec)          (text)

SSAVE                             GLOBAL        00000071            113
SSPADD                            CONSTANT      00000093            147
SSPBUF                            CONSTANT      00000013             19
SSPCON                            CONSTANT      00000014             20
SSPCON2                           CONSTANT      00000091            145
SSPEN                             CONSTANT      00000005              5
SSPIE                             CONSTANT      00000003              3
SSPIF                             CONSTANT      00000003              3
SSPM0                             CONSTANT      00000000              0
SSPM1                             CONSTANT      00000001              1
SSPM2                             CONSTANT      00000002              2
SSPM3                             CONSTANT      00000003              3
SSPOV                             CONSTANT      00000006              6
SSPSTAT                           CONSTANT      00000094            148
STATUS                            CONSTANT      00000003              3
STK00                             GLOBAL        0000007F            127
STK01                             GLOBAL        0000007E            126
STK02                             GLOBAL        0000007D            125
STK03                             GLOBAL        0000007C            124
STK04                             GLOBAL        0000007B            123
STK05                             GLOBAL        0000007A            122
STK06                             GLOBAL        00000079            121
STK07                             GLOBAL        00000078            120
STK08                             GLOBAL        00000077            119
STK09                             GLOBAL        00000076            118
STK10                             GLOBAL        00000075            117
STK11                             GLOBAL        00000074            116
STK12                             GLOBAL        00000073            115
SYNC                              CONSTANT      00000004              4
T0CS                              CONSTANT      00000005              5
T0IE                              CONSTANT      00000005              5
T0IF                              CONSTANT      00000002              2
T0SE                              CONSTANT      00000004              4
T1CKPS0                           CONSTANT      00000004              4
T1CKPS1                           CONSTANT      00000005              5
T1CON                             CONSTANT      00000010             16
T1INSYNC                          CONSTANT      00000002              2
T1OSCEN                           CONSTANT      00000003              3
T1SYNC                            CONSTANT      00000002              2
T2CKPS0                           CONSTANT      00000000              0
T2CKPS1                           CONSTANT      00000001              1
T2CON                             CONSTANT      00000012             18
TMR0                              CONSTANT      00000001              1
TMR0IE                            CONSTANT      00000005              5
TMR0IF                            CONSTANT      00000002              2
TMR1                              CONSTANT      0000000E             14
TMR1CS                            CONSTANT      00000001              1
TMR1H                             CONSTANT      0000000F             15
TMR1IE                            CONSTANT      00000000              0
TMR1IF                            CONSTANT      00000000              0
TMR1L                             CONSTANT      0000000E             14
TMR1ON                            CONSTANT      00000000              0
gpasm-1.5.0 #1285 (Sep 12 2016) obj\Debug\mai   8-4-2020  19:47:26          PAGE 14


SYMBOL TABLE
  LABEL                              TYPE        VALUE         VALUE          VALUE
                                                 (hex)         (dec)          (text)

TMR2                              CONSTANT      00000011             17
TMR2IE                            CONSTANT      00000001              1
TMR2IF                            CONSTANT      00000001              1
TMR2ON                            CONSTANT      00000002              2
TOUTPS0                           CONSTANT      00000003              3
TOUTPS1                           CONSTANT      00000004              4
TOUTPS2                           CONSTANT      00000005              5
TOUTPS3                           CONSTANT      00000006              6
TRISA                             CONSTANT      00000085            133
TRISA0                            CONSTANT      00000000              0
TRISA1                            CONSTANT      00000001              1
TRISA2                            CONSTANT      00000002              2
TRISA3                            CONSTANT      00000003              3
TRISA4                            CONSTANT      00000004              4
TRISA5                            CONSTANT      00000005              5
TRISB                             CONSTANT      00000086            134
TRISB0                            CONSTANT      00000000              0
TRISB1                            CONSTANT      00000001              1
TRISB2                            CONSTANT      00000002              2
TRISB3                            CONSTANT      00000003              3
TRISB4                            CONSTANT      00000004              4
TRISB5                            CONSTANT      00000005              5
TRISB6                            CONSTANT      00000006              6
TRISB7                            CONSTANT      00000007              7
TRISC                             CONSTANT      00000087            135
TRISC0                            CONSTANT      00000000              0
TRISC1                            CONSTANT      00000001              1
TRISC2                            CONSTANT      00000002              2
TRISC3                            CONSTANT      00000003              3
TRISC4                            CONSTANT      00000004              4
TRISC5                            CONSTANT      00000005              5
TRISC6                            CONSTANT      00000006              6
TRISC7                            CONSTANT      00000007              7
TRISD                             CONSTANT      00000088            136
TRISD0                            CONSTANT      00000000              0
TRISD1                            CONSTANT      00000001              1
TRISD2                            CONSTANT      00000002              2
TRISD3                            CONSTANT      00000003              3
TRISD4                            CONSTANT      00000004              4
TRISD5                            CONSTANT      00000005              5
TRISD6                            CONSTANT      00000006              6
TRISD7                            CONSTANT      00000007              7
TRISE                             CONSTANT      00000089            137
TRISE0                            CONSTANT      00000000              0
TRISE1                            CONSTANT      00000001              1
TRISE2                            CONSTANT      00000002              2
TRMT                              CONSTANT      00000001              1
TX8_9                             CONSTANT      00000006              6
TX9                               CONSTANT      00000006              6
TX9D                              CONSTANT      00000000              0
TXD8                              CONSTANT      00000000              0
TXEN                              CONSTANT      00000005              5
gpasm-1.5.0 #1285 (Sep 12 2016) obj\Debug\mai   8-4-2020  19:47:26          PAGE 15


SYMBOL TABLE
  LABEL                              TYPE        VALUE         VALUE          VALUE
                                                 (hex)         (dec)          (text)

TXIE                              CONSTANT      00000004              4
TXIF                              CONSTANT      00000004              4
TXREG                             CONSTANT      00000019             25
TXSTA                             CONSTANT      00000098            152
UA                                CONSTANT      00000001              1
W                                 CONSTANT      00000000              0
WCOL                              CONSTANT      00000007              7
WR                                CONSTANT      00000001              1
WREN                              CONSTANT      00000002              2
WRERR                             CONSTANT      00000003              3
WSAVE                             GLOBAL        00000072            114
Z                                 CONSTANT      00000002              2
_00106_DS_                        ADDRESS       00000052             82
_BODEN_OFF                        CONSTANT      00003FBF          16319
_BODEN_ON                         CONSTANT      00003FFF          16383
_BOREN_OFF                        CONSTANT      00003FBF          16319
_BOREN_ON                         CONSTANT      00003FFF          16383
_CONFIG                           CONSTANT      00002007           8199
_COUNT_INIT                       EXTERNAL      00000000              0
_CPD_OFF                          CONSTANT      00003FFF          16383
_CPD_ON                           CONSTANT      00003EFF          16127
_CP_ALL                           CONSTANT      00001FFF           8191
_CP_OFF                           CONSTANT      00003FFF          16383
_CP_ON                            CONSTANT      00001FFF           8191
_DEBUG_OFF                        CONSTANT      00003FFF          16383
_DEBUG_ON                         CONSTANT      000037FF          14335
_DEVID1                           CONSTANT      00002006           8198
_FOSC_EXTRC                       CONSTANT      00003FFF          16383
_FOSC_HS                          CONSTANT      00003FFE          16382
_FOSC_LP                          CONSTANT      00003FFC          16380
_FOSC_XT                          CONSTANT      00003FFD          16381
_HS_OSC                           CONSTANT      00003FFE          16382
_IDLOC0                           CONSTANT      00002000           8192
_IDLOC1                           CONSTANT      00002001           8193
_IDLOC2                           CONSTANT      00002002           8194
_IDLOC3                           CONSTANT      00002003           8195
_LP_OSC                           CONSTANT      00003FFC          16380
_LVP_OFF                          CONSTANT      00003F7F          16255
_LVP_ON                           CONSTANT      00003FFF          16383
_PB_DRIVER_INIT                   EXTERNAL      00000000              0
_PWRTE_OFF                        CONSTANT      00003FFF          16383
_PWRTE_ON                         CONSTANT      00003FF7          16375
_RC_OSC                           CONSTANT      00003FFF          16383
_SSD_INIT                         EXTERNAL      00000000              0
_S_main__main_0006                ADDRESS       00000006              6
_S_main__main_000E                ADDRESS       0000000E             14
_S_main__main_0016                ADDRESS       00000016             22
_S_main__main_001E                ADDRESS       0000001E             30
_S_main__main_0028                ADDRESS       00000028             40
_S_main__main_0032                ADDRESS       00000032             50
_S_main__main_003C                ADDRESS       0000003C             60
_S_main__main_0046                ADDRESS       00000046             70
gpasm-1.5.0 #1285 (Sep 12 2016) obj\Debug\mai   8-4-2020  19:47:26          PAGE 16


SYMBOL TABLE
  LABEL                              TYPE        VALUE         VALUE          VALUE
                                                 (hex)         (dec)          (text)

_S_main__main_004B                ADDRESS       0000004B             75
_S_main__main_0050                ADDRESS       00000050             80
_WDTE_OFF                         CONSTANT      00003FFB          16379
_WDTE_ON                          CONSTANT      00003FFF          16383
_WDT_OFF                          CONSTANT      00003FFB          16379
_WDT_ON                           CONSTANT      00003FFF          16383
_WRT_1FOURTH                      CONSTANT      00003BFF          15359
_WRT_256                          CONSTANT      00003DFF          15871
_WRT_HALF                         CONSTANT      000039FF          14847
_WRT_OFF                          CONSTANT      00003FFF          16383
_XT_OSC                           CONSTANT      00003FFD          16381
__14_BIT                          CONSTANT      00000001              1
__16F877A                         CONSTANT      00000001              1
__ACTIVE_BANK_ADDR                VARIABLE      FFFFFFFF             -1
__ACTIVE_PAGE_ADDR                VARIABLE      FFFFFFFF             -1
__ASSUMED_BANK_ADDR               VARIABLE      FFFFFFFF             -1
__BANK_0                          CONSTANT      00000000              0
__BANK_1                          CONSTANT      00000080            128
__BANK_2                          CONSTANT      00000100            256
__BANK_3                          CONSTANT      00000180            384
__BANK_BITS                       CONSTANT      00000180            384
__BANK_FIRST                      CONSTANT      00000000              0
__BANK_INV                        CONSTANT      FFFFFFFF             -1
__BANK_LAST                       CONSTANT      00000180            384
__BANK_MASK                       CONSTANT      0000007F            127
__BANK_SHIFT                      CONSTANT      00000007              7
__BANK_SIZE                       CONSTANT      00000080            128
__CODE_END                        CONSTANT      00001FFF           8191
__CODE_START                      CONSTANT      00000000              0
__COMMON_RAM_END                  CONSTANT      0000007F            127
__COMMON_RAM_START                CONSTANT      00000070            112
__CONFIG_END                      CONSTANT      00002007           8199
__CONFIG_START                    CONSTANT      00002007           8199
__EEPROM_END                      CONSTANT      000021FF           8703
__EEPROM_START                    CONSTANT      00002100           8448
__GPUTILS_SVN_VERSION             CONSTANT      00000505           1285
__GPUTILS_VERSION_MAJOR           CONSTANT      00000001              1
__GPUTILS_VERSION_MICRO           CONSTANT      00000000              0
__GPUTILS_VERSION_MINOR           CONSTANT      00000005              5
__IDLOCS_END                      CONSTANT      00002003           8195
__IDLOCS_START                    CONSTANT      00002000           8192
__NUM_BANKS                       CONSTANT      00000004              4
__NUM_PAGES                       CONSTANT      00000004              4
__PAGE_0                          CONSTANT      00000000              0
__PAGE_1                          CONSTANT      00000800           2048
__PAGE_2                          CONSTANT      00001000           4096
__PAGE_3                          CONSTANT      00001800           6144
__PAGE_BITS                       CONSTANT      00001800           6144
__PAGE_FIRST                      CONSTANT      00000000              0
__PAGE_INV                        CONSTANT      FFFFFFFF             -1
__PAGE_LAST                       CONSTANT      00001800           6144
__PAGE_MASK                       CONSTANT      000007FF           2047
gpasm-1.5.0 #1285 (Sep 12 2016) obj\Debug\mai   8-4-2020  19:47:26          PAGE 17


SYMBOL TABLE
  LABEL                              TYPE        VALUE         VALUE          VALUE
                                                 (hex)         (dec)          (text)

__PAGE_SHIFT                      CONSTANT      0000000B             11
__PAGE_SIZE                       CONSTANT      00000800           2048
__VECTOR_INT                      CONSTANT      00000004              4
__VECTOR_RESET                    CONSTANT      00000000              0
__WHILE_LOOP_COUNT_MAX            CONSTANT      000000FF            255
__sdcc_gsinit_startup             EXTERNAL      00000000              0
_main                             GLOBAL        00000000              0
_timer0_driver_init               EXTERNAL      00000000              0
_timer0_driver_start              EXTERNAL      00000000              0

Errors   :     0
Warnings :     0 reported,     0 suppressed
Messages :     0 reported,     0 suppressed

